# JRE version: OpenJDK Runtime Environment (8.0_212-b04) (build 1.8.0_212-release-1586-b04)
# Java VM: OpenJDK 64-Bit Server VM (25.212-b04 mixed mode windows-amd64 compressed oops)
Heap:
 PSYoungGen      total 380928K, used 244658K [0x00000000e0000000, 0x00000000f9280000, 0x0000000100000000)
  eden space 352256K, 64% used [0x00000000e0000000,0x00000000edf81238,0x00000000f5800000)
  from space 28672K, 55% used [0x00000000f7380000,0x00000000f82eb828,0x00000000f8f80000)
  to   space 28160K, 0% used [0x00000000f5800000,0x00000000f5800000,0x00000000f7380000)
 ParOldGen       total 210432K, used 68831K [0x00000000a0000000, 0x00000000acd80000, 0x00000000e0000000)
  object space 210432K, 32% used [0x00000000a0000000,0x00000000a4337e70,0x00000000acd80000)
 Metaspace       used 101900K, capacity 106368K, committed 106496K, reserved 1142784K
  class space    used 13105K, capacity 14020K, committed 14080K, reserved 1048576K
GC Heap History (10 events):
Event: 91.302 GC heap before
{Heap before GC invocations=22 (full 4):
 PSYoungGen      total 303616K, used 13384K [0x00000000e0000000, 0x00000000f4900000, 0x0000000100000000)
  eden space 271360K, 0% used [0x00000000e0000000,0x00000000e0000000,0x00000000f0900000)
  from space 32256K, 41% used [0x00000000f2700000,0x00000000f3412148,0x00000000f4680000)
  to   space 30720K, 0% used [0x00000000f0900000,0x00000000f0900000,0x00000000f2700000)
 ParOldGen       total 131072K, used 71651K [0x00000000a0000000, 0x00000000a8000000, 0x00000000e0000000)
  object space 131072K, 54% used [0x00000000a0000000,0x00000000a45f8e78,0x00000000a8000000)
 Metaspace       used 94545K, capacity 98444K, committed 98560K, reserved 1134592K
  class space    used 12258K, capacity 13104K, committed 13184K, reserved 1048576K
Event: 93.028 GC heap after
Heap after GC invocations=22 (full 4):
 PSYoungGen      total 303616K, used 0K [0x00000000e0000000, 0x00000000f4900000, 0x0000000100000000)
  eden space 271360K, 0% used [0x00000000e0000000,0x00000000e0000000,0x00000000f0900000)
  from space 32256K, 0% used [0x00000000f2700000,0x00000000f2700000,0x00000000f4680000)
  to   space 30720K, 0% used [0x00000000f0900000,0x00000000f0900000,0x00000000f2700000)
 ParOldGen       total 210432K, used 68799K [0x00000000a0000000, 0x00000000acd80000, 0x00000000e0000000)
  object space 210432K, 32% used [0x00000000a0000000,0x00000000a432fe70,0x00000000acd80000)
 Metaspace       used 94279K, capacity 97692K, committed 98560K, reserved 1134592K
  class space    used 12175K, capacity 12956K, committed 13184K, reserved 1048576K
}
Event: 100.899 GC heap before
{Heap before GC invocations=23 (full 4):
 PSYoungGen      total 303616K, used 271360K [0x00000000e0000000, 0x00000000f4900000, 0x0000000100000000)
  eden space 271360K, 100% used [0x00000000e0000000,0x00000000f0900000,0x00000000f0900000)
  from space 32256K, 0% used [0x00000000f2700000,0x00000000f2700000,0x00000000f4680000)
  to   space 30720K, 0% used [0x00000000f0900000,0x00000000f0900000,0x00000000f2700000)
 ParOldGen       total 210432K, used 68799K [0x00000000a0000000, 0x00000000acd80000, 0x00000000e0000000)
  object space 210432K, 32% used [0x00000000a0000000,0x00000000a432fe70,0x00000000acd80000)
 Metaspace       used 100098K, capacity 104360K, committed 104576K, reserved 1140736K
  class space    used 12939K, capacity 13854K, committed 13952K, reserved 1048576K
Event: 100.959 GC heap after
Heap after GC invocations=23 (full 4):
 PSYoungGen      total 302080K, used 10664K [0x00000000e0000000, 0x00000000f6380000, 0x0000000100000000)
  eden space 271360K, 0% used [0x00000000e0000000,0x00000000e0000000,0x00000000f0900000)
  from space 30720K, 34% used [0x00000000f0900000,0x00000000f136a040,0x00000000f2700000)
  to   space 29696K, 0% used [0x00000000f4680000,0x00000000f4680000,0x00000000f6380000)
 ParOldGen       total 210432K, used 68807K [0x00000000a0000000, 0x00000000acd80000, 0x00000000e0000000)
  object space 210432K, 32% used [0x00000000a0000000,0x00000000a4331e70,0x00000000acd80000)
 Metaspace       used 100098K, capacity 104360K, committed 104576K, reserved 1140736K
  class space    used 12939K, capacity 13854K, committed 13952K, reserved 1048576K
}
Event: 104.552 GC heap before
{Heap before GC invocations=24 (full 4):
 PSYoungGen      total 302080K, used 282024K [0x00000000e0000000, 0x00000000f6380000, 0x0000000100000000)
  eden space 271360K, 100% used [0x00000000e0000000,0x00000000f0900000,0x00000000f0900000)
  from space 30720K, 34% used [0x00000000f0900000,0x00000000f136a040,0x00000000f2700000)
  to   space 29696K, 0% used [0x00000000f4680000,0x00000000f4680000,0x00000000f6380000)
 ParOldGen       total 210432K, used 68807K [0x00000000a0000000, 0x00000000acd80000, 0x00000000e0000000)
  object space 210432K, 32% used [0x00000000a0000000,0x00000000a4331e70,0x00000000acd80000)
 Metaspace       used 100772K, capacity 105090K, committed 105344K, reserved 1140736K
  class space    used 12991K, capacity 13885K, committed 13952K, reserved 1048576K
Event: 104.668 GC heap after
Heap after GC invocations=24 (full 4):
 PSYoungGen      total 335872K, used 12432K [0x00000000e0000000, 0x00000000f6880000, 0x0000000100000000)
  eden space 306176K, 0% used [0x00000000e0000000,0x00000000e0000000,0x00000000f2b00000)
  from space 29696K, 41% used [0x00000000f4680000,0x00000000f52a4160,0x00000000f6380000)
  to   space 28160K, 0% used [0x00000000f2b00000,0x00000000f2b00000,0x00000000f4680000)
 ParOldGen       total 210432K, used 68815K [0x00000000a0000000, 0x00000000acd80000, 0x00000000e0000000)
  object space 210432K, 32% used [0x00000000a0000000,0x00000000a4333e70,0x00000000acd80000)
 Metaspace       used 100772K, capacity 105090K, committed 105344K, reserved 1140736K
  class space    used 12991K, capacity 13885K, committed 13952K, reserved 1048576K
}
Event: 108.081 GC heap before
{Heap before GC invocations=25 (full 4):
 PSYoungGen      total 335872K, used 318608K [0x00000000e0000000, 0x00000000f6880000, 0x0000000100000000)
  eden space 306176K, 100% used [0x00000000e0000000,0x00000000f2b00000,0x00000000f2b00000)
  from space 29696K, 41% used [0x00000000f4680000,0x00000000f52a4160,0x00000000f6380000)
  to   space 28160K, 0% used [0x00000000f2b00000,0x00000000f2b00000,0x00000000f4680000)
 ParOldGen       total 210432K, used 68815K [0x00000000a0000000, 0x00000000acd80000, 0x00000000e0000000)
  object space 210432K, 32% used [0x00000000a0000000,0x00000000a4333e70,0x00000000acd80000)
 Metaspace       used 101580K, capacity 106002K, committed 106240K, reserved 1140736K
  class space    used 13093K, capacity 14015K, committed 14080K, reserved 1048576K
Event: 108.130 GC heap after
Heap after GC invocations=25 (full 4):
 PSYoungGen      total 334336K, used 19505K [0x00000000e0000000, 0x00000000f8f80000, 0x0000000100000000)
  eden space 306176K, 0% used [0x00000000e0000000,0x00000000e0000000,0x00000000f2b00000)
  from space 28160K, 69% used [0x00000000f2b00000,0x00000000f3e0c550,0x00000000f4680000)
  to   space 28672K, 0% used [0x00000000f7380000,0x00000000f7380000,0x00000000f8f80000)
 ParOldGen       total 210432K, used 68823K [0x00000000a0000000, 0x00000000acd80000, 0x00000000e0000000)
  object space 210432K, 32% used [0x00000000a0000000,0x00000000a4335e70,0x00000000acd80000)
 Metaspace       used 101580K, capacity 106002K, committed 106240K, reserved 1140736K
  class space    used 13093K, capacity 14015K, committed 14080K, reserved 1048576K
}
Event: 112.205 GC heap before
{Heap before GC invocations=26 (full 4):
 PSYoungGen      total 334336K, used 325681K [0x00000000e0000000, 0x00000000f8f80000, 0x0000000100000000)
  eden space 306176K, 100% used [0x00000000e0000000,0x00000000f2b00000,0x00000000f2b00000)
  from space 28160K, 69% used [0x00000000f2b00000,0x00000000f3e0c550,0x00000000f4680000)
  to   space 28672K, 0% used [0x00000000f7380000,0x00000000f7380000,0x00000000f8f80000)
 ParOldGen       total 210432K, used 68823K [0x00000000a0000000, 0x00000000acd80000, 0x00000000e0000000)
  object space 210432K, 32% used [0x00000000a0000000,0x00000000a4335e70,0x00000000acd80000)
 Metaspace       used 101652K, capacity 106076K, committed 106240K, reserved 1140736K
  class space    used 13096K, capacity 14018K, committed 14080K, reserved 1048576K
Event: 112.319 GC heap after
Heap after GC invocations=26 (full 4):
 PSYoungGen      total 380928K, used 15790K [0x00000000e0000000, 0x00000000f9280000, 0x0000000100000000)
  eden space 352256K, 0% used [0x00000000e0000000,0x00000000e0000000,0x00000000f5800000)
  from space 28672K, 55% used [0x00000000f7380000,0x00000000f82eb828,0x00000000f8f80000)
  to   space 28160K, 0% used [0x00000000f5800000,0x00000000f5800000,0x00000000f7380000)
 ParOldGen       total 210432K, used 68831K [0x00000000a0000000, 0x00000000acd80000, 0x00000000e0000000)
  object space 210432K, 32% used [0x00000000a0000000,0x00000000a4337e70,0x00000000acd80000)
 Metaspace       used 101652K, capacity 106076K, committed 106240K, reserved 1140736K
  class space    used 13096K, capacity 14018K, committed 14080K, reserved 1048576K
}

